<?xml version="1.0" encoding="UTF-8"?>
<!-- Generated by org.testng.reporters.JUnitReportReporter -->
<testsuite hostname="SravanReddy" name="org.seleniumtestng.GroupsExample" tests="5" failures="0" timestamp="19 Mar 2020 11:06:08 GMT" time="16.658" errors="0">
  <testcase name="tc06closeExecution" time="0.651" classname="org.seleniumtestng.GroupsExample"/>
  <testcase name="tc01LaunchURL" time="11.706" classname="org.seleniumtestng.GroupsExample"/>
  <testcase name="tc03EnterCredentials" time="2.416" classname="org.seleniumtestng.GroupsExample"/>
  <testcase name="tc02VerifyLaunchPage" time="0.073" classname="org.seleniumtestng.GroupsExample"/>
  <testcase name="tc04VerifyHyperlinks" time="1.812" classname="org.seleniumtestng.GroupsExample"/>
</testsuite> <!-- org.seleniumtestng.GroupsExample -->
