<?xml version="1.0" encoding="UTF-8"?>
<!-- Generated by org.testng.reporters.JUnitReportReporter -->
<testsuite hostname="SravanReddy" name="org.firstsuite.FlipkartClass" tests="1" failures="0" timestamp="22 Mar 2020 15:06:46 GMT" time="36.913" errors="0">
  <testcase name="login" time="36.913" classname="org.firstsuite.FlipkartClass"/>
</testsuite> <!-- org.firstsuite.FlipkartClass -->
