<?xml version="1.0" encoding="UTF-8"?>
<!-- Generated by org.testng.reporters.JUnitReportReporter -->
<testsuite hostname="SravanReddy" name="org.seleniumtestng.SampleTestCases" tests="4" failures="0" timestamp="22 Mar 2020 13:40:10 GMT" time="10.653" errors="0">
  <testcase name="fromCity" time="0.161" classname="org.seleniumtestng.SampleTestCases"/>
  <testcase name="fromDayMonth" time="0.264" classname="org.seleniumtestng.SampleTestCases"/>
  <testcase name="loginMethod" time="10.070" classname="org.seleniumtestng.SampleTestCases"/>
  <testcase name="noOfPass" time="0.158" classname="org.seleniumtestng.SampleTestCases"/>
</testsuite> <!-- org.seleniumtestng.SampleTestCases -->
