<?xml version="1.0" encoding="UTF-8"?>
<!-- Generated by org.testng.reporters.JUnitReportReporter -->
<testsuite skipped="0" hostname="SravanReddy" name="org.seleniumtestng.SampleTestCases" tests="1" failures="0" timestamp="17 Mar 2020 09:32:41 GMT" time="6.964" errors="0">
  <testcase name="loginMethod" time="6.964" classname="org.seleniumtestng.SampleTestCases"/>
</testsuite> <!-- org.seleniumtestng.SampleTestCases -->
