<?xml version="1.0" encoding="UTF-8"?>
<!-- Generated by org.testng.reporters.JUnitReportReporter -->
<testsuite hostname="SravanReddy" name="org.seleniumtestng.ParallelTesting" tests="3" failures="0" timestamp="22 Mar 2020 13:40:10 GMT" time="31.646" errors="0">
  <testcase name="c_executSessionThree" time="10.428" classname="org.seleniumtestng.ParallelTesting"/>
  <testcase name="a_executSessionOne" time="12.075" classname="org.seleniumtestng.ParallelTesting"/>
  <testcase name="b_executeSessionTwo" time="9.143" classname="org.seleniumtestng.ParallelTesting"/>
</testsuite> <!-- org.seleniumtestng.ParallelTesting -->
